
***********************TRACE_EXCEPTION 2017-03-28 10:33:17***********************
OdbcException ERROR [IM002] [Microsoft][ODBC 驱动程序管理器] 未发现数据源名称并且未指定默认驱动程序
   在 System.Data.Odbc.OdbcConnection.HandleError(OdbcHandle hrHandle, RetCode retcode)
   在 System.Data.Odbc.OdbcConnectionOpen..ctor(OdbcConnection outerConnection, OdbcConnectionString connectionOptions)
   在 System.Data.Odbc.OdbcConnectionFactory.CreateConnection(DbConnectionOptions options, DbConnectionPoolKey poolKey, Object poolGroupProviderInfo, DbConnectionPool pool, DbConnection owningObject)
   在 System.Data.ProviderBase.DbConnectionFactory.CreateNonPooledConnection(DbConnection owningConnection, DbConnectionPoolGroup poolGroup, DbConnectionOptions userOptions)
   在 System.Data.ProviderBase.DbConnectionFactory.TryGetConnection(DbConnection owningConnection, TaskCompletionSource`1 retry, DbConnectionOptions userOptions, DbConnectionInternal oldConnection, DbConnectionInternal& connection)
   在 System.Data.ProviderBase.DbConnectionInternal.TryOpenConnectionInternal(DbConnection outerConnection, DbConnectionFactory connectionFactory, TaskCompletionSource`1 retry, DbConnectionOptions userOptions)
   在 System.Data.ProviderBase.DbConnectionInternal.OpenConnection(DbConnection outerConnection, DbConnectionFactory connectionFactory)
   在 System.Data.Odbc.OdbcConnection.Open()
   在 sqlstress.DbRunner..ctor(DbEngineSetting dbsettings) 位置 E:\Meigy\Projects\SqlStress\sqlstress\db\dbrunner.cs:行号 35 Source:

***********************TRACE_EXCEPTION 2017-03-28 10:33:17***********************

***********************TRACE_EXCEPTION 2017-03-28 10:33:17***********************
Exception SELECT top 1000 a.orgid, b.fundid, a.market, a.stkcode, 
a.stkcode as frzstk,
c.stktype,
case when charindex('2', newid()) % 2 = 0 then '0B' else '0S' end     bsflag,
case when charindex('2', newid()) % 2 = 0 then 'B' else 'S' end     bsctrl,
case when charindex('2', newid()) % 2 = 0 then 'P' else 'M' end     stkdirect
FROM run..stkasset a, run..fundinfo b, run..stktrd c
where left(a.stkcode, 1) in ('0', '6')
and a.custid = b.custid
and a.stkcode = c.stkcode and a.market = c.market

 Source:
OdbcException ERROR [IM002] [Microsoft][ODBC 驱动程序管理器] 未发现数据源名称并且未指定默认驱动程序
   在 System.Data.Odbc.OdbcConnection.HandleError(OdbcHandle hrHandle, RetCode retcode)
   在 System.Data.Odbc.OdbcConnectionOpen..ctor(OdbcConnection outerConnection, OdbcConnectionString connectionOptions)
   在 System.Data.Odbc.OdbcConnectionFactory.CreateConnection(DbConnectionOptions options, DbConnectionPoolKey poolKey, Object poolGroupProviderInfo, DbConnectionPool pool, DbConnection owningObject)
   在 System.Data.ProviderBase.DbConnectionFactory.CreateNonPooledConnection(DbConnection owningConnection, DbConnectionPoolGroup poolGroup, DbConnectionOptions userOptions)
   在 System.Data.ProviderBase.DbConnectionFactory.TryGetConnection(DbConnection owningConnection, TaskCompletionSource`1 retry, DbConnectionOptions userOptions, DbConnectionInternal oldConnection, DbConnectionInternal& connection)
   在 System.Data.ProviderBase.DbConnectionInternal.TryOpenConnectionInternal(DbConnection outerConnection, DbConnectionFactory connectionFactory, TaskCompletionSource`1 retry, DbConnectionOptions userOptions)
   在 System.Data.ProviderBase.DbConnectionInternal.OpenConnection(DbConnection outerConnection, DbConnectionFactory connectionFactory)
   在 System.Data.Odbc.OdbcConnection.Open()
   在 System.Data.Common.DbDataAdapter.FillInternal(DataSet dataset, DataTable[] datatables, Int32 startRecord, Int32 maxRecords, String srcTable, IDbCommand command, CommandBehavior behavior)
   在 System.Data.Common.DbDataAdapter.Fill(DataTable[] dataTables, Int32 startRecord, Int32 maxRecords, IDbCommand command, CommandBehavior behavior)
   在 System.Data.Common.DbDataAdapter.Fill(DataTable dataTable)
   在 sqlstress.DbRunner.Run_WithResult(String sql) 位置 E:\Meigy\Projects\SqlStress\sqlstress\db\dbrunner.cs:行号 155 Source:

***********************TRACE_EXCEPTION 2017-03-28 10:41:07***********************
Exception SELECT top 1000 a.orgid, b.fundid, a.market, a.stkcode, 
a.stkcode as frzstk,
c.stktype,
case when charindex('2', newid()) % 2 = 0 then '0B' else '0S' end     bsflag,
case when charindex('2', newid()) % 2 = 0 then 'B' else 'S' end     bsctrl,
case when charindex('2', newid()) % 2 = 0 then 'P' else 'M' end     stkdirect
FROM run..stkasset a, run..fundinfo b, run..stktrd c
where left(a.stkcode, 1) in ('0', '6')
and a.custid = b.custid
and a.stkcode = c.stkcode and a.market = c.market


exec run.dbo.vtis_up_customer_check '2','',@orgid,@secuid,'',@fundid,@market,'0',@stkcode,@frzstk,@stktype,@bsflag,'',@bsctrl,@stkdirect,'0'
 Source:

***********************TRACE_EXCEPTION 2017-03-28 10:41:07***********************
OdbcException ERROR [42000] [Microsoft][ODBC SQL Server Driver][SQL Server]必须声明标量变量 "@orgid"。
   在 System.Data.Odbc.OdbcConnection.HandleError(OdbcHandle hrHandle, RetCode retcode)
   在 System.Data.Odbc.OdbcCommand.ExecuteReaderObject(CommandBehavior behavior, String method, Boolean needReader, Object[] methodArguments, SQL_API odbcApiMethod)
   在 System.Data.Odbc.OdbcCommand.ExecuteReaderObject(CommandBehavior behavior, String method, Boolean needReader)
   在 System.Data.Odbc.OdbcCommand.ExecuteReader(CommandBehavior behavior)
   在 System.Data.Common.DbDataAdapter.FillInternal(DataSet dataset, DataTable[] datatables, Int32 startRecord, Int32 maxRecords, String srcTable, IDbCommand command, CommandBehavior behavior)
   在 System.Data.Common.DbDataAdapter.Fill(DataTable[] dataTables, Int32 startRecord, Int32 maxRecords, IDbCommand command, CommandBehavior behavior)
   在 System.Data.Common.DbDataAdapter.Fill(DataTable dataTable)
   在 sqlstress.DbRunner.Run_WithResult(String sql) 位置 E:\Meigy\Projects\SqlStress\sqlstress\db\dbrunner.cs:行号 155 Source:SQLSRV32.DLL

***********************TRACE_EXCEPTION 2017-03-28 10:42:01***********************
Exception SELECT top 1000 a.orgid, b.fundid, a.market, a.stkcode, 
a.stkcode as frzstk,
c.stktype,
case when charindex('2', newid()) % 2 = 0 then '0B' else '0S' end     bsflag,
case when charindex('2', newid()) % 2 = 0 then 'B' else 'S' end     bsctrl,
case when charindex('2', newid()) % 2 = 0 then 'P' else 'M' end     stkdirect
FROM run..stkasset a, run..fundinfo b, run..stktrd c
where left(a.stkcode, 1) in ('0', '6')
and a.custid = b.custid
and a.stkcode = c.stkcode and a.market = c.market


exec run.dbo.vtis_up_customer_check '2','',@orgid,@secuid,'',@fundid,@market,'0',@stkcode,@frzstk,@stktype,@bsflag,'',@bsctrl,@stkdirect,'0'
 Source:

***********************TRACE_EXCEPTION 2017-03-28 10:42:01***********************
OdbcException ERROR [42000] [Microsoft][ODBC SQL Server Driver][SQL Server]必须声明标量变量 "@orgid"。
   在 System.Data.Odbc.OdbcConnection.HandleError(OdbcHandle hrHandle, RetCode retcode)
   在 System.Data.Odbc.OdbcCommand.ExecuteReaderObject(CommandBehavior behavior, String method, Boolean needReader, Object[] methodArguments, SQL_API odbcApiMethod)
   在 System.Data.Odbc.OdbcCommand.ExecuteReaderObject(CommandBehavior behavior, String method, Boolean needReader)
   在 System.Data.Odbc.OdbcCommand.ExecuteReader(CommandBehavior behavior)
   在 System.Data.Common.DbDataAdapter.FillInternal(DataSet dataset, DataTable[] datatables, Int32 startRecord, Int32 maxRecords, String srcTable, IDbCommand command, CommandBehavior behavior)
   在 System.Data.Common.DbDataAdapter.Fill(DataTable[] dataTables, Int32 startRecord, Int32 maxRecords, IDbCommand command, CommandBehavior behavior)
   在 System.Data.Common.DbDataAdapter.Fill(DataTable dataTable)
   在 sqlstress.DbRunner.Run_WithResult(String sql) 位置 E:\Meigy\Projects\SqlStress\sqlstress\db\dbrunner.cs:行号 155 Source:SQLSRV32.DLL
