
***********************TRACE_EXCEPTION 2016-12-22 14:03:36***********************
Exception 完成!
 Source:

***********************TRACE_EXCEPTION 2016-12-22 14:04:40***********************
Exception select market = a.market, stkcode = a.stkcode from stock a
 Source:

***********************TRACE_EXCEPTION 2016-12-22 14:04:41***********************
OdbcException ERROR [42S02] [Microsoft][ODBC SQL Server Driver][SQL Server]对象名 'stock' 无效。
   在 System.Data.Odbc.OdbcConnection.HandleError(OdbcHandle hrHandle, RetCode retcode)
   在 System.Data.Odbc.OdbcCommand.ExecuteReaderObject(CommandBehavior behavior, String method, Boolean needReader, Object[] methodArguments, SQL_API odbcApiMethod)
   在 System.Data.Odbc.OdbcCommand.ExecuteReaderObject(CommandBehavior behavior, String method, Boolean needReader)
   在 System.Data.Odbc.OdbcCommand.ExecuteReader(CommandBehavior behavior)
   在 System.Data.Odbc.OdbcCommand.ExecuteDbDataReader(CommandBehavior behavior)
   在 System.Data.Common.DbCommand.System.Data.IDbCommand.ExecuteReader(CommandBehavior behavior)
   在 System.Data.Common.DbDataAdapter.FillInternal(DataSet dataset, DataTable[] datatables, Int32 startRecord, Int32 maxRecords, String srcTable, IDbCommand command, CommandBehavior behavior)
   在 System.Data.Common.DbDataAdapter.Fill(DataTable[] dataTables, Int32 startRecord, Int32 maxRecords, IDbCommand command, CommandBehavior behavior)
   在 System.Data.Common.DbDataAdapter.Fill(DataTable dataTable)
   在 sqlstress.sqlrunner.Run_WithResult(String sql) 位置 e:\szkingdom.com\new\sqlstress\sqlstress\database\dbbase.cs:行号 384 Source:SQLSRV32.DLL

***********************TRACE_EXCEPTION 2016-12-22 14:08:09***********************
Exception 完成!
 Source:

***********************TRACE_EXCEPTION 2016-12-22 14:11:26***********************
Exception 完成!
 Source:

***********************TRACE_EXCEPTION 2016-12-22 14:13:22***********************
Exception 完成!
 Source:

***********************TRACE_EXCEPTION 2016-12-22 14:25:07***********************
Exception 完成!
 Source:

***********************TRACE_EXCEPTION 2016-12-22 18:02:01***********************
Exception 完成!
 Source:

***********************TRACE_EXCEPTION 2016-12-22 18:02:21***********************
Exception 完成!
 Source:
